2016-12-20 12:47:26,143 INFO  [org.jboss.modules] (main) JBoss Modules version 1.5.1.Final
2016-12-20 12:47:26,367 INFO  [org.jboss.msc] (main) JBoss MSC version 1.2.6.Final
2016-12-20 12:47:26,431 INFO  [org.jboss.as] (MSC service thread 1-7) WFLYSRV0049: WildFly Full 10.0.0.Final (WildFly Core 2.0.10.Final) starting
2016-12-20 12:47:26,432 DEBUG [org.jboss.as.config] (MSC service thread 1-7) Configured system properties:
	[Standalone] = 
	awt.toolkit = sun.awt.X11.XToolkit
	file.encoding = UTF-8
	file.encoding.pkg = sun.io
	file.separator = /
	java.awt.graphicsenv = sun.awt.X11GraphicsEnvironment
	java.awt.printerjob = sun.print.PSPrinterJob
	java.class.path = /home/aboriero/hibernate/orm_last/hibernate-orm/build/wildfly-10.0.0.Final/jboss-modules.jar
	java.class.version = 52.0
	java.endorsed.dirs = /opt/jdk1.8.0_101/jre/lib/endorsed
	java.ext.dirs = /opt/jdk1.8.0_101/jre/lib/ext:/usr/java/packages/lib/ext
	java.home = /opt/jdk1.8.0_101/jre
	java.io.tmpdir = /tmp
	java.library.path = /usr/java/packages/lib/amd64:/usr/lib64:/lib64:/lib:/usr/lib
	java.runtime.name = Java(TM) SE Runtime Environment
	java.runtime.version = 1.8.0_101-b13
	java.specification.name = Java Platform API Specification
	java.specification.vendor = Oracle Corporation
	java.specification.version = 1.8
	java.util.logging.manager = org.jboss.logmanager.LogManager
	java.vendor = Oracle Corporation
	java.vendor.url = http://java.oracle.com/
	java.vendor.url.bug = http://bugreport.sun.com/bugreport/
	java.version = 1.8.0_101
	java.vm.info = mixed mode
	java.vm.name = Java HotSpot(TM) 64-Bit Server VM
	java.vm.specification.name = Java Virtual Machine Specification
	java.vm.specification.vendor = Oracle Corporation
	java.vm.specification.version = 1.8
	java.vm.vendor = Oracle Corporation
	java.vm.version = 25.101-b13
	javax.management.builder.initial = org.jboss.as.jmx.PluggableMBeanServerBuilder
	javax.xml.datatype.DatatypeFactory = __redirected.__DatatypeFactory
	javax.xml.parsers.DocumentBuilderFactory = __redirected.__DocumentBuilderFactory
	javax.xml.parsers.SAXParserFactory = __redirected.__SAXParserFactory
	javax.xml.stream.XMLEventFactory = __redirected.__XMLEventFactory
	javax.xml.stream.XMLInputFactory = __redirected.__XMLInputFactory
	javax.xml.stream.XMLOutputFactory = __redirected.__XMLOutputFactory
	javax.xml.transform.TransformerFactory = __redirected.__TransformerFactory
	javax.xml.validation.SchemaFactory:http://www.w3.org/2001/XMLSchema = __redirected.__SchemaFactory
	javax.xml.xpath.XPathFactory:http://java.sun.com/jaxp/xpath/dom = __redirected.__XPathFactory
	jboss.home.dir = /home/aboriero/hibernate/orm_last/hibernate-orm/build/wildfly-10.0.0.Final
	jboss.host.name = localhost
	jboss.modules.dir = /home/aboriero/hibernate/orm_last/hibernate-orm/build/wildfly-10.0.0.Final/modules
	jboss.node.name = localhost
	jboss.qualified.host.name = localhost.localdomain
	jboss.server.base.dir = /home/aboriero/hibernate/orm_last/hibernate-orm/build/wildfly-10.0.0.Final/standalone
	jboss.server.config.dir = /home/aboriero/hibernate/orm_last/hibernate-orm/build/wildfly-10.0.0.Final/standalone/configuration
	jboss.server.data.dir = /home/aboriero/hibernate/orm_last/hibernate-orm/build/wildfly-10.0.0.Final/standalone/data
	jboss.server.deploy.dir = /home/aboriero/hibernate/orm_last/hibernate-orm/build/wildfly-10.0.0.Final/standalone/data/content
	jboss.server.log.dir = /home/aboriero/hibernate/orm_last/hibernate-orm/build/wildfly-10.0.0.Final/standalone/log
	jboss.server.name = localhost
	jboss.server.persist.config = true
	jboss.server.temp.dir = /home/aboriero/hibernate/orm_last/hibernate-orm/build/wildfly-10.0.0.Final/standalone/tmp
	line.separator = 

	logging.configuration = file:/home/aboriero/hibernate/orm_last/hibernate-orm/build/wildfly-10.0.0.Final/standalone/configuration/logging.properties
	module.path = /home/aboriero/hibernate/orm_last/hibernate-orm/build/wildfly-10.0.0.Final/modules
	org.jboss.boot.log.file = /home/aboriero/hibernate/orm_last/hibernate-orm/build/wildfly-10.0.0.Final/standalone/log/server.log
	org.jboss.resolver.warning = true
	org.xml.sax.driver = __redirected.__XMLReaderFactory
	os.arch = amd64
	os.name = Linux
	os.version = 4.8.14-300.fc25.x86_64
	path.separator = :
	sun.arch.data.model = 64
	sun.boot.class.path = /opt/jdk1.8.0_101/jre/lib/resources.jar:/opt/jdk1.8.0_101/jre/lib/rt.jar:/opt/jdk1.8.0_101/jre/lib/sunrsasign.jar:/opt/jdk1.8.0_101/jre/lib/jsse.jar:/opt/jdk1.8.0_101/jre/lib/jce.jar:/opt/jdk1.8.0_101/jre/lib/charsets.jar:/opt/jdk1.8.0_101/jre/lib/jfr.jar:/opt/jdk1.8.0_101/jre/classes
	sun.boot.library.path = /opt/jdk1.8.0_101/jre/lib/amd64
	sun.cpu.endian = little
	sun.cpu.isalist = 
	sun.desktop = gnome
	sun.io.unicode.encoding = UnicodeLittle
	sun.java.command = /home/aboriero/hibernate/orm_last/hibernate-orm/build/wildfly-10.0.0.Final/jboss-modules.jar -mp /home/aboriero/hibernate/orm_last/hibernate-orm/build/wildfly-10.0.0.Final/modules org.jboss.as.standalone -Djboss.home.dir=/home/aboriero/hibernate/orm_last/hibernate-orm/build/wildfly-10.0.0.Final -Djboss.server.base.dir=/home/aboriero/hibernate/orm_last/hibernate-orm/build/wildfly-10.0.0.Final/standalone -Djboss.server.log.dir=/home/aboriero/hibernate/orm_last/hibernate-orm/build/wildfly-10.0.0.Final/standalone/log -Djboss.server.config.dir=/home/aboriero/hibernate/orm_last/hibernate-orm/build/wildfly-10.0.0.Final/standalone/configuration
	sun.java.launcher = SUN_STANDARD
	sun.jnu.encoding = UTF-8
	sun.management.compiler = HotSpot 64-Bit Tiered Compilers
	sun.os.patch.level = unknown
	user.country = GB
	user.dir = /home/aboriero/hibernate/orm_last/hibernate-orm/hibernate-core
	user.home = /home/aboriero
	user.language = en
	user.name = aboriero
	user.timezone = Europe/London
2016-12-20 12:47:26,432 DEBUG [org.jboss.as.config] (MSC service thread 1-7) VM Arguments: -D[Standalone] -ea -Djboss.home.dir=/home/aboriero/hibernate/orm_last/hibernate-orm/build/wildfly-10.0.0.Final -Dorg.jboss.boot.log.file=/home/aboriero/hibernate/orm_last/hibernate-orm/build/wildfly-10.0.0.Final/standalone/log/server.log -Dlogging.configuration=file:/home/aboriero/hibernate/orm_last/hibernate-orm/build/wildfly-10.0.0.Final/standalone/configuration/logging.properties 
2016-12-20 12:47:27,678 INFO  [org.jboss.as.server] (Controller Boot Thread) WFLYSRV0039: Creating http management service using socket-binding (management-http)
2016-12-20 12:47:27,702 INFO  [org.xnio] (MSC service thread 1-5) XNIO version 3.3.4.Final
2016-12-20 12:47:27,712 INFO  [org.xnio.nio] (MSC service thread 1-5) XNIO NIO Implementation Version 3.3.4.Final
2016-12-20 12:47:27,788 INFO  [org.jboss.as.clustering.infinispan] (ServerService Thread Pool -- 38) WFLYCLINF0001: Activating Infinispan subsystem.
2016-12-20 12:47:27,806 INFO  [org.jboss.as.connector.subsystems.datasources] (ServerService Thread Pool -- 33) WFLYJCA0004: Deploying JDBC-compliant driver class org.h2.Driver (version 1.3)
2016-12-20 12:47:27,810 INFO  [org.wildfly.extension.io] (ServerService Thread Pool -- 37) WFLYIO001: Worker 'default' has auto-configured to 8 core threads with 64 task threads based on your 4 available processors
2016-12-20 12:47:27,836 INFO  [org.jboss.as.naming] (ServerService Thread Pool -- 46) WFLYNAM0001: Activating Naming Subsystem
2016-12-20 12:47:27,885 WARN  [org.jboss.as.txn] (ServerService Thread Pool -- 54) WFLYTX0013: Node identifier property is set to the default value. Please make sure it is unique.
2016-12-20 12:47:27,889 INFO  [org.jboss.as.jsf] (ServerService Thread Pool -- 44) WFLYJSF0007: Activated the following JSF Implementations: [main]
2016-12-20 12:47:27,900 INFO  [org.jboss.as.connector] (MSC service thread 1-1) WFLYJCA0009: Starting JCA Subsystem (WildFly/IronJacamar 1.3.2.Final)
2016-12-20 12:47:27,907 INFO  [org.jboss.remoting] (MSC service thread 1-5) JBoss Remoting version 4.0.18.Final
2016-12-20 12:47:27,916 INFO  [org.jboss.as.security] (ServerService Thread Pool -- 53) WFLYSEC0002: Activating Security Subsystem
2016-12-20 12:47:27,918 INFO  [org.jboss.as.connector.deployers.jdbc] (MSC service thread 1-3) WFLYJCA0018: Started Driver service with driver-name = h2
2016-12-20 12:47:27,932 INFO  [org.jboss.as.security] (MSC service thread 1-3) WFLYSEC0001: Current PicketBox version=4.9.4.Final
2016-12-20 12:47:27,952 INFO  [org.jboss.as.webservices] (ServerService Thread Pool -- 56) WFLYWS0002: Activating WebServices Extension
2016-12-20 12:47:28,156 INFO  [org.wildfly.extension.undertow] (MSC service thread 1-6) WFLYUT0003: Undertow 1.3.15.Final starting
2016-12-20 12:47:28,157 INFO  [org.wildfly.extension.undertow] (ServerService Thread Pool -- 55) WFLYUT0003: Undertow 1.3.15.Final starting
2016-12-20 12:47:28,216 INFO  [org.jboss.as.naming] (MSC service thread 1-3) WFLYNAM0003: Starting Naming Service
2016-12-20 12:47:28,217 INFO  [org.jboss.as.mail.extension] (MSC service thread 1-2) WFLYMAIL0001: Bound mail session [java:jboss/mail/Default]
2016-12-20 12:47:28,305 INFO  [org.wildfly.extension.undertow] (ServerService Thread Pool -- 55) WFLYUT0014: Creating file handler for path '/home/aboriero/hibernate/orm_last/hibernate-orm/build/wildfly-10.0.0.Final/welcome-content' with options [directory-listing: 'false', follow-symlink: 'false', case-sensitive: 'true', safe-symlink-paths: '[]']
2016-12-20 12:47:28,332 INFO  [org.wildfly.extension.undertow] (MSC service thread 1-2) WFLYUT0012: Started server default-server.
2016-12-20 12:47:28,340 INFO  [org.wildfly.extension.undertow] (MSC service thread 1-2) WFLYUT0018: Host default-host starting
2016-12-20 12:47:28,459 INFO  [org.jboss.as.ejb3] (MSC service thread 1-5) WFLYEJB0482: Strict pool mdb-strict-max-pool is using a max instance size of 16 (per class), which is derived from the number of CPUs on this host.
2016-12-20 12:47:28,465 INFO  [org.jboss.as.ejb3] (MSC service thread 1-7) WFLYEJB0481: Strict pool slsb-strict-max-pool is using a max instance size of 64 (per class), which is derived from thread worker pool sizing.
2016-12-20 12:47:28,523 INFO  [org.wildfly.extension.undertow] (MSC service thread 1-6) WFLYUT0006: Undertow HTTP listener default listening on 127.0.0.1:8080
2016-12-20 12:47:28,687 INFO  [org.jboss.as.connector.subsystems.datasources] (MSC service thread 1-5) WFLYJCA0001: Bound data source [java:jboss/datasources/ExampleDS]
2016-12-20 12:47:28,854 INFO  [org.jboss.as.server.deployment.scanner] (MSC service thread 1-1) WFLYDS0013: Started FileSystemDeploymentService for directory /home/aboriero/hibernate/orm_last/hibernate-orm/build/wildfly-10.0.0.Final/standalone/deployments
2016-12-20 12:47:29,053 INFO  [org.infinispan.factories.GlobalComponentRegistry] (MSC service thread 1-5) ISPN000128: Infinispan version: Infinispan 'Mahou' 8.1.0.Final
2016-12-20 12:47:29,106 INFO  [org.jboss.ws.common.management] (MSC service thread 1-7) JBWS022052: Starting JBossWS 5.1.3.Final (Apache CXF 3.1.4) 
2016-12-20 12:47:29,319 INFO  [org.jboss.as] (Controller Boot Thread) WFLYSRV0060: Http management interface listening on http://127.0.0.1:9990/management
2016-12-20 12:47:29,321 INFO  [org.jboss.as] (Controller Boot Thread) WFLYSRV0051: Admin console listening on http://127.0.0.1:9990
2016-12-20 12:47:29,322 INFO  [org.jboss.as] (Controller Boot Thread) WFLYSRV0025: WildFly Full 10.0.0.Final (WildFly Core 2.0.10.Final) started in 3699ms - Started 267 of 553 services (371 services are lazy, passive or on-demand)
2016-12-20 12:47:30,911 INFO  [org.jboss.as.repository] (management-handler-thread - 3) WFLYDR0001: Content added at location /home/aboriero/hibernate/orm_last/hibernate-orm/build/wildfly-10.0.0.Final/standalone/data/content/25/8b58961a356422274eabdb25260543e84461a7/content
2016-12-20 12:47:30,930 INFO  [org.jboss.as.server.deployment] (MSC service thread 1-6) WFLYSRV0027: Starting deployment of "test.war" (runtime-name: "test.war")
2016-12-20 12:47:31,590 INFO  [org.jboss.as.jpa] (MSC service thread 1-5) WFLYJPA0002: Read persistence.xml for pu-cdi-basic
2016-12-20 12:47:31,699 INFO  [org.jboss.as.jpa] (ServerService Thread Pool -- 58) WFLYJPA0010: Starting Persistence Unit (phase 1 of 2) Service 'test.war#pu-cdi-basic'
2016-12-20 12:47:31,735 INFO  [org.hibernate.jpa.internal.util.LogHelper] (ServerService Thread Pool -- 58) HHH000204: Processing PersistenceUnitInfo [
	name: pu-cdi-basic
	...]
2016-12-20 12:47:31,768 INFO  [org.jboss.weld.deployer] (MSC service thread 1-1) WFLYWELD0003: Processing weld deployment test.war
2016-12-20 12:47:32,049 INFO  [org.hibernate.Version] (ServerService Thread Pool -- 58) HHH000412: Hibernate Core {5.2.6.Final}
2016-12-20 12:47:32,053 INFO  [org.hibernate.cfg.Environment] (ServerService Thread Pool -- 58) HHH000206: hibernate.properties not found
2016-12-20 12:47:32,073 INFO  [org.hibernate.validator.internal.util.Version] (MSC service thread 1-1) HV000001: Hibernate Validator 5.2.3.Final
2016-12-20 12:47:32,093 INFO  [org.hibernate.orm.deprecation] (ServerService Thread Pool -- 58) HHH90000001: Found usage of deprecated setting for specifying Scanner [hibernate.ejb.resource_scanner]; use [hibernate.archive.scanner] instead
2016-12-20 12:47:32,110 INFO  [org.hibernate.annotations.common.Version] (ServerService Thread Pool -- 58) HCANN000001: Hibernate Commons Annotations {5.0.1.Final}
2016-12-20 12:47:32,314 INFO  [org.jboss.weld.deployer] (MSC service thread 1-1) WFLYWELD0006: Starting Services for CDI deployment: test.war
2016-12-20 12:47:32,357 INFO  [org.jboss.weld.Version] (MSC service thread 1-1) WELD-000900: 2.3.2 (Final)
2016-12-20 12:47:32,397 INFO  [org.jboss.weld.deployer] (MSC service thread 1-7) WFLYWELD0009: Starting weld service for deployment test.war
2016-12-20 12:47:32,592 INFO  [org.jboss.as.jpa] (ServerService Thread Pool -- 58) WFLYJPA0010: Starting Persistence Unit (phase 2 of 2) Service 'test.war#pu-cdi-basic'
2016-12-20 12:47:32,855 INFO  [org.hibernate.dialect.Dialect] (ServerService Thread Pool -- 58) HHH000400: Using dialect: org.hibernate.dialect.H2Dialect
2016-12-20 12:47:32,861 WARN  [org.hibernate.dialect.H2Dialect] (ServerService Thread Pool -- 58) HHH000431: Unable to determine H2 database version, certain features may not work
2016-12-20 12:47:32,904 INFO  [org.hibernate.envers.boot.internal.EnversServiceImpl] (ServerService Thread Pool -- 58) Envers integration enabled? : true
2016-12-20 12:47:33,453 INFO  [org.hibernate.tool.schema.internal.SchemaCreatorImpl] (ServerService Thread Pool -- 58) HHH000476: Executing import script 'org.hibernate.tool.schema.internal.exec.ScriptSourceInputNonExistentImpl@2bb54929'
2016-12-20 12:47:34,430 INFO  [javax.enterprise.resource.webcontainer.jsf.config] (ServerService Thread Pool -- 58) Initializing Mojarra 2.2.12-jbossorg-2 20150729-1131 for context '/test'
2016-12-20 12:47:34,902 INFO  [org.wildfly.extension.undertow] (ServerService Thread Pool -- 58) WFLYUT0021: Registered web context: /test
2016-12-20 12:47:34,960 INFO  [org.jboss.as.server] (management-handler-thread - 3) WFLYSRV0010: Deployed "test.war" (runtime-name : "test.war")
2016-12-20 12:47:35,636 INFO  [org.wildfly.extension.undertow] (ServerService Thread Pool -- 58) WFLYUT0022: Unregistered web context: /test
2016-12-20 12:47:35,652 INFO  [org.jboss.weld.deployer] (MSC service thread 1-7) WFLYWELD0010: Stopping weld service for deployment test.war
2016-12-20 12:47:35,693 INFO  [org.jboss.as.jpa] (ServerService Thread Pool -- 13) WFLYJPA0011: Stopping Persistence Unit (phase 2 of 2) Service 'test.war#pu-cdi-basic'
2016-12-20 12:47:35,694 INFO  [org.hibernate.tool.schema.internal.SchemaDropperImpl$DelayedDropActionImpl] (ServerService Thread Pool -- 13) HHH000477: Starting delayed drop of schema as part of SessionFactory shut-down'
2016-12-20 12:47:35,704 INFO  [org.jboss.as.jpa] (ServerService Thread Pool -- 6) WFLYJPA0011: Stopping Persistence Unit (phase 1 of 2) Service 'test.war#pu-cdi-basic'
2016-12-20 12:47:35,736 INFO  [org.jboss.as.server.deployment] (MSC service thread 1-5) WFLYSRV0028: Stopped deployment test.war (runtime-name: test.war) in 133ms
2016-12-20 12:47:35,759 INFO  [org.jboss.as.repository] (management-handler-thread - 4) WFLYDR0002: Content removed from location /home/aboriero/hibernate/orm_last/hibernate-orm/build/wildfly-10.0.0.Final/standalone/data/content/25/8b58961a356422274eabdb25260543e84461a7/content
2016-12-20 12:47:35,760 INFO  [org.jboss.as.server] (management-handler-thread - 4) WFLYSRV0009: Undeployed "test.war" (runtime-name: "test.war")
2016-12-20 12:47:36,583 INFO  [org.jboss.as.repository] (management-handler-thread - 1) WFLYDR0001: Content added at location /home/aboriero/hibernate/orm_last/hibernate-orm/build/wildfly-10.0.0.Final/standalone/data/content/44/b5bfdccbca1bb647cd8525ae19c55242583e87/content
2016-12-20 12:47:36,586 INFO  [org.jboss.as.server.deployment] (MSC service thread 1-8) WFLYSRV0027: Starting deployment of "test.war" (runtime-name: "test.war")
2016-12-20 12:47:36,972 INFO  [org.jboss.as.jpa] (MSC service thread 1-3) WFLYJPA0002: Read persistence.xml for pu-cdi-basic
2016-12-20 12:47:36,990 INFO  [org.jboss.as.jpa] (ServerService Thread Pool -- 6) WFLYJPA0010: Starting Persistence Unit (phase 1 of 2) Service 'test.war#pu-cdi-basic'
2016-12-20 12:47:36,990 INFO  [org.hibernate.jpa.internal.util.LogHelper] (ServerService Thread Pool -- 6) HHH000204: Processing PersistenceUnitInfo [
	name: pu-cdi-basic
	...]
2016-12-20 12:47:37,001 INFO  [org.hibernate.orm.deprecation] (ServerService Thread Pool -- 6) HHH90000001: Found usage of deprecated setting for specifying Scanner [hibernate.ejb.resource_scanner]; use [hibernate.archive.scanner] instead
2016-12-20 12:47:37,027 INFO  [org.jboss.weld.deployer] (MSC service thread 1-2) WFLYWELD0003: Processing weld deployment test.war
2016-12-20 12:47:37,034 INFO  [org.jboss.as.ejb3.deployment] (MSC service thread 1-2) WFLYEJB0473: JNDI bindings for session bean named 'ConversationalEventManager' in deployment unit 'deployment "test.war"' are as follows:

	java:global/test/ConversationalEventManager!org.hibernate.jpa.test.cdi.extended.ConversationalEventManager
	java:app/test/ConversationalEventManager!org.hibernate.jpa.test.cdi.extended.ConversationalEventManager
	java:module/ConversationalEventManager!org.hibernate.jpa.test.cdi.extended.ConversationalEventManager
	java:global/test/ConversationalEventManager
	java:app/test/ConversationalEventManager
	java:module/ConversationalEventManager

2016-12-20 12:47:37,111 INFO  [org.infinispan.configuration.cache.EvictionConfigurationBuilder] (ServerService Thread Pool -- 6) ISPN000152: Passivation configured without an eviction policy being selected. Only manually evicted entities will be passivated.
2016-12-20 12:47:37,113 INFO  [org.infinispan.configuration.cache.EvictionConfigurationBuilder] (ServerService Thread Pool -- 6) ISPN000152: Passivation configured without an eviction policy being selected. Only manually evicted entities will be passivated.
2016-12-20 12:47:37,115 INFO  [org.jboss.weld.deployer] (MSC service thread 1-8) WFLYWELD0006: Starting Services for CDI deployment: test.war
2016-12-20 12:47:37,116 INFO  [org.infinispan.configuration.cache.EvictionConfigurationBuilder] (ServerService Thread Pool -- 6) ISPN000152: Passivation configured without an eviction policy being selected. Only manually evicted entities will be passivated.
2016-12-20 12:47:37,116 INFO  [org.infinispan.configuration.cache.EvictionConfigurationBuilder] (ServerService Thread Pool -- 6) ISPN000152: Passivation configured without an eviction policy being selected. Only manually evicted entities will be passivated.
2016-12-20 12:47:37,128 INFO  [org.jboss.weld.deployer] (MSC service thread 1-6) WFLYWELD0009: Starting weld service for deployment test.war
2016-12-20 12:47:37,146 INFO  [org.jboss.as.jpa] (ServerService Thread Pool -- 6) WFLYJPA0010: Starting Persistence Unit (phase 2 of 2) Service 'test.war#pu-cdi-basic'
2016-12-20 12:47:37,147 INFO  [org.hibernate.dialect.Dialect] (ServerService Thread Pool -- 6) HHH000400: Using dialect: org.hibernate.dialect.H2Dialect
2016-12-20 12:47:37,149 WARN  [org.hibernate.dialect.H2Dialect] (ServerService Thread Pool -- 6) HHH000431: Unable to determine H2 database version, certain features may not work
2016-12-20 12:47:37,157 INFO  [org.hibernate.envers.boot.internal.EnversServiceImpl] (ServerService Thread Pool -- 6) Envers integration enabled? : true
2016-12-20 12:47:37,220 INFO  [org.hibernate.tool.schema.internal.SchemaCreatorImpl] (ServerService Thread Pool -- 6) HHH000476: Executing import script 'org.hibernate.tool.schema.internal.exec.ScriptSourceInputNonExistentImpl@2bb54929'
2016-12-20 12:47:37,392 INFO  [org.jboss.as.clustering.infinispan] (ServerService Thread Pool -- 13) WFLYCLINF0002: Started client-mappings cache from ejb container
2016-12-20 12:47:37,673 INFO  [org.wildfly.extension.undertow] (ServerService Thread Pool -- 6) WFLYUT0021: Registered web context: /test
2016-12-20 12:47:37,689 INFO  [org.jboss.as.server] (management-handler-thread - 1) WFLYSRV0010: Deployed "test.war" (runtime-name : "test.war")
2016-12-20 12:47:37,855 INFO  [org.wildfly.extension.undertow] (ServerService Thread Pool -- 6) WFLYUT0022: Unregistered web context: /test
2016-12-20 12:47:37,859 INFO  [org.jboss.weld.deployer] (MSC service thread 1-4) WFLYWELD0010: Stopping weld service for deployment test.war
2016-12-20 12:47:37,866 INFO  [org.jboss.as.jpa] (ServerService Thread Pool -- 6) WFLYJPA0011: Stopping Persistence Unit (phase 2 of 2) Service 'test.war#pu-cdi-basic'
2016-12-20 12:47:37,871 INFO  [org.hibernate.tool.schema.internal.SchemaDropperImpl$DelayedDropActionImpl] (ServerService Thread Pool -- 6) HHH000477: Starting delayed drop of schema as part of SessionFactory shut-down'
2016-12-20 12:47:37,873 INFO  [org.jboss.as.jpa] (ServerService Thread Pool -- 6) WFLYJPA0011: Stopping Persistence Unit (phase 1 of 2) Service 'test.war#pu-cdi-basic'
2016-12-20 12:47:37,884 INFO  [org.jboss.as.server.deployment] (MSC service thread 1-8) WFLYSRV0028: Stopped deployment test.war (runtime-name: test.war) in 28ms
2016-12-20 12:47:37,886 INFO  [org.jboss.as.clustering.infinispan] (ServerService Thread Pool -- 6) WFLYCLINF0003: Stopped client-mappings cache from ejb container
2016-12-20 12:47:37,903 INFO  [org.jboss.as.repository] (management-handler-thread - 3) WFLYDR0002: Content removed from location /home/aboriero/hibernate/orm_last/hibernate-orm/build/wildfly-10.0.0.Final/standalone/data/content/44/b5bfdccbca1bb647cd8525ae19c55242583e87/content
2016-12-20 12:47:37,904 INFO  [org.jboss.as.server] (management-handler-thread - 3) WFLYSRV0009: Undeployed "test.war" (runtime-name: "test.war")
2016-12-20 12:47:38,569 INFO  [org.jboss.as.repository] (management-handler-thread - 4) WFLYDR0001: Content added at location /home/aboriero/hibernate/orm_last/hibernate-orm/build/wildfly-10.0.0.Final/standalone/data/content/2a/f94b22990e1caead5a48f0bc995da1ce1042f9/content
2016-12-20 12:47:38,571 INFO  [org.jboss.as.server.deployment] (MSC service thread 1-2) WFLYSRV0027: Starting deployment of "test.war" (runtime-name: "test.war")
2016-12-20 12:47:38,805 INFO  [org.jboss.as.jpa] (MSC service thread 1-5) WFLYJPA0002: Read persistence.xml for pu-cdi-basic
2016-12-20 12:47:38,823 INFO  [org.jboss.as.jpa] (ServerService Thread Pool -- 6) WFLYJPA0010: Starting Persistence Unit (phase 1 of 2) Service 'test.war#pu-cdi-basic'
2016-12-20 12:47:38,824 INFO  [org.hibernate.jpa.internal.util.LogHelper] (ServerService Thread Pool -- 6) HHH000204: Processing PersistenceUnitInfo [
	name: pu-cdi-basic
	...]
2016-12-20 12:47:38,829 INFO  [org.hibernate.orm.deprecation] (ServerService Thread Pool -- 6) HHH90000001: Found usage of deprecated setting for specifying Scanner [hibernate.ejb.resource_scanner]; use [hibernate.archive.scanner] instead
2016-12-20 12:47:38,832 INFO  [org.jboss.weld.deployer] (MSC service thread 1-4) WFLYWELD0003: Processing weld deployment test.war
2016-12-20 12:47:38,837 INFO  [org.jboss.as.ejb3.deployment] (MSC service thread 1-4) WFLYEJB0473: JNDI bindings for session bean named 'ManualFlushConversationalEventManager' in deployment unit 'deployment "test.war"' are as follows:

	java:global/test/ManualFlushConversationalEventManager!org.hibernate.jpa.test.cdi.extended.ManualFlushConversationalEventManager
	java:app/test/ManualFlushConversationalEventManager!org.hibernate.jpa.test.cdi.extended.ManualFlushConversationalEventManager
	java:module/ManualFlushConversationalEventManager!org.hibernate.jpa.test.cdi.extended.ManualFlushConversationalEventManager
	java:global/test/ManualFlushConversationalEventManager
	java:app/test/ManualFlushConversationalEventManager
	java:module/ManualFlushConversationalEventManager

2016-12-20 12:47:38,890 INFO  [org.infinispan.configuration.cache.EvictionConfigurationBuilder] (ServerService Thread Pool -- 6) ISPN000152: Passivation configured without an eviction policy being selected. Only manually evicted entities will be passivated.
2016-12-20 12:47:38,891 INFO  [org.infinispan.configuration.cache.EvictionConfigurationBuilder] (ServerService Thread Pool -- 6) ISPN000152: Passivation configured without an eviction policy being selected. Only manually evicted entities will be passivated.
2016-12-20 12:47:38,891 INFO  [org.infinispan.configuration.cache.EvictionConfigurationBuilder] (ServerService Thread Pool -- 6) ISPN000152: Passivation configured without an eviction policy being selected. Only manually evicted entities will be passivated.
2016-12-20 12:47:38,892 INFO  [org.jboss.weld.deployer] (MSC service thread 1-2) WFLYWELD0006: Starting Services for CDI deployment: test.war
2016-12-20 12:47:38,892 INFO  [org.infinispan.configuration.cache.EvictionConfigurationBuilder] (ServerService Thread Pool -- 6) ISPN000152: Passivation configured without an eviction policy being selected. Only manually evicted entities will be passivated.
2016-12-20 12:47:38,896 INFO  [org.jboss.weld.deployer] (MSC service thread 1-6) WFLYWELD0009: Starting weld service for deployment test.war
2016-12-20 12:47:38,902 INFO  [org.jboss.as.clustering.infinispan] (ServerService Thread Pool -- 6) WFLYCLINF0002: Started client-mappings cache from ejb container
2016-12-20 12:47:38,906 INFO  [org.jboss.as.jpa] (ServerService Thread Pool -- 13) WFLYJPA0010: Starting Persistence Unit (phase 2 of 2) Service 'test.war#pu-cdi-basic'
2016-12-20 12:47:38,907 INFO  [org.hibernate.dialect.Dialect] (ServerService Thread Pool -- 13) HHH000400: Using dialect: org.hibernate.dialect.H2Dialect
2016-12-20 12:47:38,908 WARN  [org.hibernate.dialect.H2Dialect] (ServerService Thread Pool -- 13) HHH000431: Unable to determine H2 database version, certain features may not work
2016-12-20 12:47:38,912 INFO  [org.hibernate.envers.boot.internal.EnversServiceImpl] (ServerService Thread Pool -- 13) Envers integration enabled? : true
2016-12-20 12:47:38,933 INFO  [org.hibernate.tool.schema.internal.SchemaCreatorImpl] (ServerService Thread Pool -- 13) HHH000476: Executing import script 'org.hibernate.tool.schema.internal.exec.ScriptSourceInputNonExistentImpl@2bb54929'
2016-12-20 12:47:39,106 WARN  [org.jboss.as.ejb3] (ServerService Thread Pool -- 6) WFLYEJB0463: Invalid transaction attribute type REQUIRED on SFSB lifecycle method Method init() of class class org.hibernate.jpa.test.cdi.extended.ManualFlushConversationalEventManager, valid types are REQUIRES_NEW and NOT_SUPPORTED. Method will be treated as NOT_SUPPORTED.
2016-12-20 12:47:39,117 INFO  [org.wildfly.extension.undertow] (ServerService Thread Pool -- 6) WFLYUT0021: Registered web context: /test
2016-12-20 12:47:39,130 INFO  [org.jboss.as.server] (management-handler-thread - 4) WFLYSRV0010: Deployed "test.war" (runtime-name : "test.war")
2016-12-20 12:47:39,283 INFO  [org.wildfly.extension.undertow] (ServerService Thread Pool -- 6) WFLYUT0022: Unregistered web context: /test
2016-12-20 12:47:39,289 INFO  [org.jboss.weld.deployer] (MSC service thread 1-1) WFLYWELD0010: Stopping weld service for deployment test.war
2016-12-20 12:47:39,293 INFO  [org.jboss.as.jpa] (ServerService Thread Pool -- 26) WFLYJPA0011: Stopping Persistence Unit (phase 2 of 2) Service 'test.war#pu-cdi-basic'
2016-12-20 12:47:39,294 INFO  [org.hibernate.tool.schema.internal.SchemaDropperImpl$DelayedDropActionImpl] (ServerService Thread Pool -- 26) HHH000477: Starting delayed drop of schema as part of SessionFactory shut-down'
2016-12-20 12:47:39,296 INFO  [org.jboss.as.jpa] (ServerService Thread Pool -- 26) WFLYJPA0011: Stopping Persistence Unit (phase 1 of 2) Service 'test.war#pu-cdi-basic'
2016-12-20 12:47:39,303 INFO  [org.jboss.as.clustering.infinispan] (ServerService Thread Pool -- 12) WFLYCLINF0003: Stopped client-mappings cache from ejb container
2016-12-20 12:47:39,308 INFO  [org.jboss.as.server.deployment] (MSC service thread 1-5) WFLYSRV0028: Stopped deployment test.war (runtime-name: test.war) in 26ms
2016-12-20 12:47:39,319 INFO  [org.jboss.as.repository] (management-handler-thread - 2) WFLYDR0002: Content removed from location /home/aboriero/hibernate/orm_last/hibernate-orm/build/wildfly-10.0.0.Final/standalone/data/content/2a/f94b22990e1caead5a48f0bc995da1ce1042f9/content
2016-12-20 12:47:39,320 INFO  [org.jboss.as.server] (management-handler-thread - 2) WFLYSRV0009: Undeployed "test.war" (runtime-name: "test.war")
2016-12-20 12:47:39,820 INFO  [org.jboss.as.repository] (management-handler-thread - 3) WFLYDR0001: Content added at location /home/aboriero/hibernate/orm_last/hibernate-orm/build/wildfly-10.0.0.Final/standalone/data/content/d9/339af0a26adc62422a396b098a6d88a152a723/content
2016-12-20 12:47:39,822 INFO  [org.jboss.as.server.deployment] (MSC service thread 1-2) WFLYSRV0027: Starting deployment of "test.war" (runtime-name: "test.war")
2016-12-20 12:47:40,016 INFO  [org.jboss.as.jpa] (MSC service thread 1-3) WFLYJPA0002: Read persistence.xml for pu-cdi-basic
2016-12-20 12:47:40,033 INFO  [org.jboss.as.jpa] (ServerService Thread Pool -- 12) WFLYJPA0010: Starting Persistence Unit (phase 1 of 2) Service 'test.war#pu-cdi-basic'
2016-12-20 12:47:40,033 INFO  [org.hibernate.jpa.internal.util.LogHelper] (ServerService Thread Pool -- 12) HHH000204: Processing PersistenceUnitInfo [
	name: pu-cdi-basic
	...]
2016-12-20 12:47:40,037 INFO  [org.jboss.weld.deployer] (MSC service thread 1-4) WFLYWELD0003: Processing weld deployment test.war
2016-12-20 12:47:40,037 INFO  [org.hibernate.orm.deprecation] (ServerService Thread Pool -- 12) HHH90000001: Found usage of deprecated setting for specifying Scanner [hibernate.ejb.resource_scanner]; use [hibernate.archive.scanner] instead
2016-12-20 12:47:40,042 INFO  [org.jboss.as.ejb3.deployment] (MSC service thread 1-4) WFLYEJB0473: JNDI bindings for session bean named 'NonConversationalEventManager' in deployment unit 'deployment "test.war"' are as follows:

	java:global/test/NonConversationalEventManager!org.hibernate.jpa.test.cdi.extended.NonConversationalEventManager
	java:app/test/NonConversationalEventManager!org.hibernate.jpa.test.cdi.extended.NonConversationalEventManager
	java:module/NonConversationalEventManager!org.hibernate.jpa.test.cdi.extended.NonConversationalEventManager
	java:global/test/NonConversationalEventManager
	java:app/test/NonConversationalEventManager
	java:module/NonConversationalEventManager

2016-12-20 12:47:40,089 INFO  [org.jboss.weld.deployer] (MSC service thread 1-8) WFLYWELD0006: Starting Services for CDI deployment: test.war
2016-12-20 12:47:40,091 INFO  [org.infinispan.configuration.cache.EvictionConfigurationBuilder] (ServerService Thread Pool -- 12) ISPN000152: Passivation configured without an eviction policy being selected. Only manually evicted entities will be passivated.
2016-12-20 12:47:40,092 INFO  [org.infinispan.configuration.cache.EvictionConfigurationBuilder] (ServerService Thread Pool -- 12) ISPN000152: Passivation configured without an eviction policy being selected. Only manually evicted entities will be passivated.
2016-12-20 12:47:40,093 INFO  [org.infinispan.configuration.cache.EvictionConfigurationBuilder] (ServerService Thread Pool -- 12) ISPN000152: Passivation configured without an eviction policy being selected. Only manually evicted entities will be passivated.
2016-12-20 12:47:40,093 INFO  [org.infinispan.configuration.cache.EvictionConfigurationBuilder] (ServerService Thread Pool -- 12) ISPN000152: Passivation configured without an eviction policy being selected. Only manually evicted entities will be passivated.
2016-12-20 12:47:40,103 INFO  [org.jboss.as.clustering.infinispan] (ServerService Thread Pool -- 12) WFLYCLINF0002: Started client-mappings cache from ejb container
2016-12-20 12:47:40,104 INFO  [org.jboss.weld.deployer] (MSC service thread 1-2) WFLYWELD0009: Starting weld service for deployment test.war
2016-12-20 12:47:40,114 INFO  [org.jboss.as.jpa] (ServerService Thread Pool -- 12) WFLYJPA0010: Starting Persistence Unit (phase 2 of 2) Service 'test.war#pu-cdi-basic'
2016-12-20 12:47:40,115 INFO  [org.hibernate.dialect.Dialect] (ServerService Thread Pool -- 12) HHH000400: Using dialect: org.hibernate.dialect.H2Dialect
2016-12-20 12:47:40,116 WARN  [org.hibernate.dialect.H2Dialect] (ServerService Thread Pool -- 12) HHH000431: Unable to determine H2 database version, certain features may not work
2016-12-20 12:47:40,121 INFO  [org.hibernate.envers.boot.internal.EnversServiceImpl] (ServerService Thread Pool -- 12) Envers integration enabled? : true
2016-12-20 12:47:40,141 INFO  [org.hibernate.tool.schema.internal.SchemaCreatorImpl] (ServerService Thread Pool -- 12) HHH000476: Executing import script 'org.hibernate.tool.schema.internal.exec.ScriptSourceInputNonExistentImpl@2bb54929'
2016-12-20 12:47:40,282 INFO  [org.wildfly.extension.undertow] (ServerService Thread Pool -- 26) WFLYUT0021: Registered web context: /test
2016-12-20 12:47:40,294 INFO  [org.jboss.as.server] (management-handler-thread - 3) WFLYSRV0010: Deployed "test.war" (runtime-name : "test.war")
2016-12-20 12:47:40,479 INFO  [org.wildfly.extension.undertow] (ServerService Thread Pool -- 26) WFLYUT0022: Unregistered web context: /test
2016-12-20 12:47:40,483 INFO  [org.jboss.weld.deployer] (MSC service thread 1-8) WFLYWELD0010: Stopping weld service for deployment test.war
2016-12-20 12:47:40,487 INFO  [org.jboss.as.jpa] (ServerService Thread Pool -- 12) WFLYJPA0011: Stopping Persistence Unit (phase 2 of 2) Service 'test.war#pu-cdi-basic'
2016-12-20 12:47:40,487 INFO  [org.hibernate.tool.schema.internal.SchemaDropperImpl$DelayedDropActionImpl] (ServerService Thread Pool -- 12) HHH000477: Starting delayed drop of schema as part of SessionFactory shut-down'
2016-12-20 12:47:40,489 INFO  [org.jboss.as.jpa] (ServerService Thread Pool -- 12) WFLYJPA0011: Stopping Persistence Unit (phase 1 of 2) Service 'test.war#pu-cdi-basic'
2016-12-20 12:47:40,494 INFO  [org.jboss.as.clustering.infinispan] (ServerService Thread Pool -- 12) WFLYCLINF0003: Stopped client-mappings cache from ejb container
2016-12-20 12:47:40,507 INFO  [org.jboss.as.server.deployment] (MSC service thread 1-5) WFLYSRV0028: Stopped deployment test.war (runtime-name: test.war) in 32ms
2016-12-20 12:47:40,518 INFO  [org.jboss.as.repository] (management-handler-thread - 1) WFLYDR0002: Content removed from location /home/aboriero/hibernate/orm_last/hibernate-orm/build/wildfly-10.0.0.Final/standalone/data/content/d9/339af0a26adc62422a396b098a6d88a152a723/content
2016-12-20 12:47:40,518 INFO  [org.jboss.as.server] (management-handler-thread - 1) WFLYSRV0009: Undeployed "test.war" (runtime-name: "test.war")
2016-12-20 12:54:19,448 INFO  [org.jboss.as.repository] (management-handler-thread - 5) WFLYDR0001: Content added at location /home/aboriero/hibernate/orm_last/hibernate-orm/build/wildfly-10.0.0.Final/standalone/data/content/02/bf948eb1230339d08dc7e6dd04b4352cb21794/content
2016-12-20 12:54:19,451 INFO  [org.jboss.as.server.deployment] (MSC service thread 1-6) WFLYSRV0027: Starting deployment of "3e9e07da-6679-4dbc-90c1-1f81e0ed1e46.war" (runtime-name: "3e9e07da-6679-4dbc-90c1-1f81e0ed1e46.war")
2016-12-20 12:54:19,742 WARN  [org.jboss.weld.deployer] (MSC service thread 1-1) WFLYWELD0013: Deployment deployment "3e9e07da-6679-4dbc-90c1-1f81e0ed1e46.war" contains CDI annotations but no bean archive was not found. (No beans.xml nor class with bean defining annotations)
2016-12-20 12:54:19,810 INFO  [org.wildfly.extension.undertow] (ServerService Thread Pool -- 64) WFLYUT0021: Registered web context: /3e9e07da-6679-4dbc-90c1-1f81e0ed1e46
2016-12-20 12:54:19,837 INFO  [org.jboss.as.server] (management-handler-thread - 5) WFLYSRV0010: Deployed "3e9e07da-6679-4dbc-90c1-1f81e0ed1e46.war" (runtime-name : "3e9e07da-6679-4dbc-90c1-1f81e0ed1e46.war")
2016-12-20 12:54:20,698 INFO  [org.hibernate.jpa.internal.util.LogHelper] (default task-15) HHH000204: Processing PersistenceUnitInfo [
	name: pu-wf-ddl
	...]
2016-12-20 12:54:20,705 INFO  [org.hibernate.dialect.Dialect] (default task-15) HHH000400: Using dialect: org.hibernate.dialect.H2Dialect
2016-12-20 12:54:20,706 WARN  [org.hibernate.dialect.H2Dialect] (default task-15) HHH000431: Unable to determine H2 database version, certain features may not work
2016-12-20 12:54:20,712 INFO  [org.hibernate.envers.boot.internal.EnversServiceImpl] (default task-15) Envers integration enabled? : true
2016-12-20 12:54:20,734 INFO  [org.hibernate.tool.schema.internal.SchemaCreatorImpl] (default task-15) HHH000476: Executing import script 'org.hibernate.tool.schema.internal.exec.ScriptSourceInputNonExistentImpl@2bb54929'
2016-12-20 12:54:20,735 INFO  [org.hibernate.tool.schema.internal.SchemaDropperImpl$DelayedDropActionImpl] (default task-15) HHH000477: Starting delayed drop of schema as part of SessionFactory shut-down'
2016-12-20 12:54:20,753 INFO  [org.wildfly.extension.undertow] (ServerService Thread Pool -- 64) WFLYUT0022: Unregistered web context: /3e9e07da-6679-4dbc-90c1-1f81e0ed1e46
2016-12-20 12:54:20,769 INFO  [org.jboss.as.server.deployment] (MSC service thread 1-6) WFLYSRV0028: Stopped deployment 3e9e07da-6679-4dbc-90c1-1f81e0ed1e46.war (runtime-name: 3e9e07da-6679-4dbc-90c1-1f81e0ed1e46.war) in 17ms
2016-12-20 12:54:20,781 INFO  [org.jboss.as.repository] (management-handler-thread - 7) WFLYDR0002: Content removed from location /home/aboriero/hibernate/orm_last/hibernate-orm/build/wildfly-10.0.0.Final/standalone/data/content/02/bf948eb1230339d08dc7e6dd04b4352cb21794/content
2016-12-20 12:54:20,782 INFO  [org.jboss.as.server] (management-handler-thread - 7) WFLYSRV0009: Undeployed "3e9e07da-6679-4dbc-90c1-1f81e0ed1e46.war" (runtime-name: "3e9e07da-6679-4dbc-90c1-1f81e0ed1e46.war")
2016-12-20 12:54:21,285 INFO  [org.jboss.as.repository] (management-handler-thread - 8) WFLYDR0001: Content added at location /home/aboriero/hibernate/orm_last/hibernate-orm/build/wildfly-10.0.0.Final/standalone/data/content/25/fff3b28e3a633eb58bd7d1a4a274295ceb373c/content
2016-12-20 12:54:21,287 INFO  [org.jboss.as.server.deployment] (MSC service thread 1-8) WFLYSRV0027: Starting deployment of "BmtSfStatefulBean.war" (runtime-name: "BmtSfStatefulBean.war")
2016-12-20 12:54:21,498 INFO  [org.jboss.weld.deployer] (MSC service thread 1-1) WFLYWELD0003: Processing weld deployment BmtSfStatefulBean.war
2016-12-20 12:54:21,503 INFO  [org.jboss.as.ejb3.deployment] (MSC service thread 1-1) WFLYEJB0473: JNDI bindings for session bean named 'BmtSfStatefulBean' in deployment unit 'deployment "BmtSfStatefulBean.war"' are as follows:

	java:global/BmtSfStatefulBean/BmtSfStatefulBean!org.hibernate.test.wf.ddl.bmt.sf.BmtSfStatefulBean
	java:app/BmtSfStatefulBean/BmtSfStatefulBean!org.hibernate.test.wf.ddl.bmt.sf.BmtSfStatefulBean
	java:module/BmtSfStatefulBean!org.hibernate.test.wf.ddl.bmt.sf.BmtSfStatefulBean
	java:global/BmtSfStatefulBean/BmtSfStatefulBean
	java:app/BmtSfStatefulBean/BmtSfStatefulBean
	java:module/BmtSfStatefulBean

2016-12-20 12:54:21,532 INFO  [org.infinispan.configuration.cache.EvictionConfigurationBuilder] (ServerService Thread Pool -- 65) ISPN000152: Passivation configured without an eviction policy being selected. Only manually evicted entities will be passivated.
2016-12-20 12:54:21,533 INFO  [org.infinispan.configuration.cache.EvictionConfigurationBuilder] (ServerService Thread Pool -- 65) ISPN000152: Passivation configured without an eviction policy being selected. Only manually evicted entities will be passivated.
2016-12-20 12:54:21,534 INFO  [org.infinispan.configuration.cache.EvictionConfigurationBuilder] (ServerService Thread Pool -- 65) ISPN000152: Passivation configured without an eviction policy being selected. Only manually evicted entities will be passivated.
2016-12-20 12:54:21,534 INFO  [org.infinispan.configuration.cache.EvictionConfigurationBuilder] (ServerService Thread Pool -- 65) ISPN000152: Passivation configured without an eviction policy being selected. Only manually evicted entities will be passivated.
2016-12-20 12:54:21,539 INFO  [org.jboss.as.clustering.infinispan] (ServerService Thread Pool -- 65) WFLYCLINF0002: Started client-mappings cache from ejb container
2016-12-20 12:54:21,542 INFO  [org.jboss.weld.deployer] (MSC service thread 1-5) WFLYWELD0006: Starting Services for CDI deployment: BmtSfStatefulBean.war
2016-12-20 12:54:21,548 INFO  [org.jboss.weld.deployer] (MSC service thread 1-8) WFLYWELD0009: Starting weld service for deployment BmtSfStatefulBean.war
2016-12-20 12:54:21,711 INFO  [org.wildfly.extension.undertow] (ServerService Thread Pool -- 65) WFLYUT0021: Registered web context: /BmtSfStatefulBean
2016-12-20 12:54:21,720 INFO  [org.jboss.as.server] (management-handler-thread - 8) WFLYSRV0010: Deployed "BmtSfStatefulBean.war" (runtime-name : "BmtSfStatefulBean.war")
2016-12-20 12:54:22,027 INFO  [org.hibernate.dialect.Dialect] (default task-23) HHH000400: Using dialect: org.hibernate.dialect.H2Dialect
2016-12-20 12:54:22,029 WARN  [org.hibernate.dialect.H2Dialect] (default task-23) HHH000431: Unable to determine H2 database version, certain features may not work
2016-12-20 12:54:22,034 INFO  [org.hibernate.envers.boot.internal.EnversServiceImpl] (default task-23) Envers integration enabled? : true
2016-12-20 12:54:22,048 INFO  [stdout] (default task-23) Hibernate: drop table WildFlyDdlEntity if exists
2016-12-20 12:54:22,049 INFO  [stdout] (default task-23) Hibernate: create table WildFlyDdlEntity (id integer not null, name varchar(255), primary key (id))
2016-12-20 12:54:22,050 INFO  [org.hibernate.tool.schema.internal.SchemaCreatorImpl] (default task-23) HHH000476: Executing import script 'org.hibernate.tool.schema.internal.exec.ScriptSourceInputNonExistentImpl@2bb54929'
2016-12-20 12:54:22,051 INFO  [org.hibernate.tool.schema.internal.SchemaDropperImpl$DelayedDropActionImpl] (default task-23) HHH000477: Starting delayed drop of schema as part of SessionFactory shut-down'
2016-12-20 12:54:22,051 INFO  [stdout] (default task-23) Hibernate: drop table WildFlyDdlEntity if exists
2016-12-20 12:54:22,062 INFO  [org.wildfly.extension.undertow] (ServerService Thread Pool -- 65) WFLYUT0022: Unregistered web context: /BmtSfStatefulBean
2016-12-20 12:54:22,070 INFO  [org.jboss.weld.deployer] (MSC service thread 1-1) WFLYWELD0010: Stopping weld service for deployment BmtSfStatefulBean.war
2016-12-20 12:54:22,086 INFO  [org.jboss.as.clustering.infinispan] (ServerService Thread Pool -- 66) WFLYCLINF0003: Stopped client-mappings cache from ejb container
2016-12-20 12:54:22,087 INFO  [org.jboss.as.server.deployment] (MSC service thread 1-4) WFLYSRV0028: Stopped deployment BmtSfStatefulBean.war (runtime-name: BmtSfStatefulBean.war) in 25ms
2016-12-20 12:54:22,097 INFO  [org.jboss.as.repository] (management-handler-thread - 6) WFLYDR0002: Content removed from location /home/aboriero/hibernate/orm_last/hibernate-orm/build/wildfly-10.0.0.Final/standalone/data/content/25/fff3b28e3a633eb58bd7d1a4a274295ceb373c/content
2016-12-20 12:54:22,098 INFO  [org.jboss.as.server] (management-handler-thread - 6) WFLYSRV0009: Undeployed "BmtSfStatefulBean.war" (runtime-name: "BmtSfStatefulBean.war")
2016-12-20 12:54:22,557 INFO  [org.jboss.as.repository] (management-handler-thread - 7) WFLYDR0001: Content added at location /home/aboriero/hibernate/orm_last/hibernate-orm/build/wildfly-10.0.0.Final/standalone/data/content/0b/63b6cae71c199e6437e48e658d9d71a0f17c08/content
2016-12-20 12:54:22,559 INFO  [org.jboss.as.server.deployment] (MSC service thread 1-8) WFLYSRV0027: Starting deployment of "7c3b1abd-0313-4310-a7d6-49f4c2aa3908.war" (runtime-name: "7c3b1abd-0313-4310-a7d6-49f4c2aa3908.war")
2016-12-20 12:54:22,727 WARN  [org.jboss.weld.deployer] (MSC service thread 1-8) WFLYWELD0013: Deployment deployment "7c3b1abd-0313-4310-a7d6-49f4c2aa3908.war" contains CDI annotations but no bean archive was not found. (No beans.xml nor class with bean defining annotations)
2016-12-20 12:54:22,737 INFO  [org.wildfly.extension.undertow] (ServerService Thread Pool -- 66) WFLYUT0021: Registered web context: /7c3b1abd-0313-4310-a7d6-49f4c2aa3908
2016-12-20 12:54:22,746 INFO  [org.jboss.as.server] (management-handler-thread - 7) WFLYSRV0010: Deployed "7c3b1abd-0313-4310-a7d6-49f4c2aa3908.war" (runtime-name : "7c3b1abd-0313-4310-a7d6-49f4c2aa3908.war")
2016-12-20 12:54:22,862 INFO  [org.hibernate.jpa.internal.util.LogHelper] (default task-28) HHH000204: Processing PersistenceUnitInfo [
	name: pu-wf-ddl
	...]
2016-12-20 12:54:22,867 INFO  [org.hibernate.dialect.Dialect] (default task-28) HHH000400: Using dialect: org.hibernate.dialect.H2Dialect
2016-12-20 12:54:22,867 WARN  [org.hibernate.dialect.H2Dialect] (default task-28) HHH000431: Unable to determine H2 database version, certain features may not work
2016-12-20 12:54:22,871 INFO  [org.hibernate.envers.boot.internal.EnversServiceImpl] (default task-28) Envers integration enabled? : true
2016-12-20 12:54:22,887 INFO  [org.hibernate.tool.schema.internal.SchemaCreatorImpl] (default task-28) HHH000476: Executing import script 'org.hibernate.tool.schema.internal.exec.ScriptSourceInputNonExistentImpl@2bb54929'
2016-12-20 12:54:22,888 INFO  [org.hibernate.tool.schema.internal.SchemaDropperImpl$DelayedDropActionImpl] (default task-28) HHH000477: Starting delayed drop of schema as part of SessionFactory shut-down'
2016-12-20 12:54:22,897 INFO  [org.wildfly.extension.undertow] (ServerService Thread Pool -- 66) WFLYUT0022: Unregistered web context: /7c3b1abd-0313-4310-a7d6-49f4c2aa3908
2016-12-20 12:54:22,908 INFO  [org.jboss.as.server.deployment] (MSC service thread 1-1) WFLYSRV0028: Stopped deployment 7c3b1abd-0313-4310-a7d6-49f4c2aa3908.war (runtime-name: 7c3b1abd-0313-4310-a7d6-49f4c2aa3908.war) in 11ms
2016-12-20 12:54:22,922 INFO  [org.jboss.as.repository] (management-handler-thread - 8) WFLYDR0002: Content removed from location /home/aboriero/hibernate/orm_last/hibernate-orm/build/wildfly-10.0.0.Final/standalone/data/content/0b/63b6cae71c199e6437e48e658d9d71a0f17c08/content
2016-12-20 12:54:22,923 INFO  [org.jboss.as.server] (management-handler-thread - 8) WFLYSRV0009: Undeployed "7c3b1abd-0313-4310-a7d6-49f4c2aa3908.war" (runtime-name: "7c3b1abd-0313-4310-a7d6-49f4c2aa3908.war")
2016-12-20 12:54:23,380 INFO  [org.jboss.as.repository] (management-handler-thread - 6) WFLYDR0001: Content added at location /home/aboriero/hibernate/orm_last/hibernate-orm/build/wildfly-10.0.0.Final/standalone/data/content/11/a9020a4e733704e7c205b8f17a1e2f2a117ee3/content
2016-12-20 12:54:23,381 INFO  [org.jboss.as.server.deployment] (MSC service thread 1-3) WFLYSRV0027: Starting deployment of "CmtSfStatefulBean.war" (runtime-name: "CmtSfStatefulBean.war")
2016-12-20 12:54:23,579 INFO  [org.jboss.weld.deployer] (MSC service thread 1-2) WFLYWELD0003: Processing weld deployment CmtSfStatefulBean.war
2016-12-20 12:54:23,583 INFO  [org.jboss.as.ejb3.deployment] (MSC service thread 1-2) WFLYEJB0473: JNDI bindings for session bean named 'CmtSfStatefulBean' in deployment unit 'deployment "CmtSfStatefulBean.war"' are as follows:

	java:global/CmtSfStatefulBean/CmtSfStatefulBean!org.hibernate.test.wf.ddl.cmt.sf.CmtSfStatefulBean
	java:app/CmtSfStatefulBean/CmtSfStatefulBean!org.hibernate.test.wf.ddl.cmt.sf.CmtSfStatefulBean
	java:module/CmtSfStatefulBean!org.hibernate.test.wf.ddl.cmt.sf.CmtSfStatefulBean
	java:global/CmtSfStatefulBean/CmtSfStatefulBean
	java:app/CmtSfStatefulBean/CmtSfStatefulBean
	java:module/CmtSfStatefulBean

2016-12-20 12:54:23,611 INFO  [org.infinispan.configuration.cache.EvictionConfigurationBuilder] (ServerService Thread Pool -- 65) ISPN000152: Passivation configured without an eviction policy being selected. Only manually evicted entities will be passivated.
2016-12-20 12:54:23,612 INFO  [org.infinispan.configuration.cache.EvictionConfigurationBuilder] (ServerService Thread Pool -- 65) ISPN000152: Passivation configured without an eviction policy being selected. Only manually evicted entities will be passivated.
2016-12-20 12:54:23,613 INFO  [org.jboss.weld.deployer] (MSC service thread 1-2) WFLYWELD0006: Starting Services for CDI deployment: CmtSfStatefulBean.war
2016-12-20 12:54:23,613 INFO  [org.infinispan.configuration.cache.EvictionConfigurationBuilder] (ServerService Thread Pool -- 65) ISPN000152: Passivation configured without an eviction policy being selected. Only manually evicted entities will be passivated.
2016-12-20 12:54:23,614 INFO  [org.infinispan.configuration.cache.EvictionConfigurationBuilder] (ServerService Thread Pool -- 65) ISPN000152: Passivation configured without an eviction policy being selected. Only manually evicted entities will be passivated.
2016-12-20 12:54:23,616 INFO  [org.jboss.weld.deployer] (MSC service thread 1-2) WFLYWELD0009: Starting weld service for deployment CmtSfStatefulBean.war
2016-12-20 12:54:23,619 INFO  [org.jboss.as.clustering.infinispan] (ServerService Thread Pool -- 65) WFLYCLINF0002: Started client-mappings cache from ejb container
2016-12-20 12:54:23,769 INFO  [org.wildfly.extension.undertow] (ServerService Thread Pool -- 67) WFLYUT0021: Registered web context: /CmtSfStatefulBean
2016-12-20 12:54:23,783 INFO  [org.jboss.as.server] (management-handler-thread - 6) WFLYSRV0010: Deployed "CmtSfStatefulBean.war" (runtime-name : "CmtSfStatefulBean.war")
2016-12-20 12:54:23,988 INFO  [org.hibernate.dialect.Dialect] (default task-31) HHH000400: Using dialect: org.hibernate.dialect.H2Dialect
2016-12-20 12:54:23,989 WARN  [org.hibernate.dialect.H2Dialect] (default task-31) HHH000431: Unable to determine H2 database version, certain features may not work
2016-12-20 12:54:23,993 INFO  [org.hibernate.envers.boot.internal.EnversServiceImpl] (default task-31) Envers integration enabled? : true
2016-12-20 12:54:24,011 INFO  [stdout] (default task-31) Hibernate: drop table WildFlyDdlEntity if exists
2016-12-20 12:54:24,013 INFO  [stdout] (default task-31) Hibernate: create table WildFlyDdlEntity (id integer not null, name varchar(255), primary key (id))
2016-12-20 12:54:24,014 INFO  [org.hibernate.tool.schema.internal.SchemaCreatorImpl] (default task-31) HHH000476: Executing import script 'org.hibernate.tool.schema.internal.exec.ScriptSourceInputNonExistentImpl@2bb54929'
2016-12-20 12:54:24,015 INFO  [org.hibernate.tool.schema.internal.SchemaDropperImpl$DelayedDropActionImpl] (default task-31) HHH000477: Starting delayed drop of schema as part of SessionFactory shut-down'
2016-12-20 12:54:24,016 INFO  [stdout] (default task-31) Hibernate: drop table WildFlyDdlEntity if exists
2016-12-20 12:54:24,034 INFO  [org.wildfly.extension.undertow] (ServerService Thread Pool -- 67) WFLYUT0022: Unregistered web context: /CmtSfStatefulBean
2016-12-20 12:54:24,042 INFO  [org.jboss.weld.deployer] (MSC service thread 1-6) WFLYWELD0010: Stopping weld service for deployment CmtSfStatefulBean.war
2016-12-20 12:54:24,054 INFO  [org.jboss.as.clustering.infinispan] (ServerService Thread Pool -- 67) WFLYCLINF0003: Stopped client-mappings cache from ejb container
2016-12-20 12:54:24,064 INFO  [org.jboss.as.server.deployment] (MSC service thread 1-4) WFLYSRV0028: Stopped deployment CmtSfStatefulBean.war (runtime-name: CmtSfStatefulBean.war) in 29ms
2016-12-20 12:54:24,072 INFO  [org.jboss.as.repository] (management-handler-thread - 5) WFLYDR0002: Content removed from location /home/aboriero/hibernate/orm_last/hibernate-orm/build/wildfly-10.0.0.Final/standalone/data/content/11/a9020a4e733704e7c205b8f17a1e2f2a117ee3/content
2016-12-20 12:54:24,073 INFO  [org.jboss.as.server] (management-handler-thread - 5) WFLYSRV0009: Undeployed "CmtSfStatefulBean.war" (runtime-name: "CmtSfStatefulBean.war")
2016-12-20 12:54:27,411 INFO  [org.jboss.as.server] (Thread-2) WFLYSRV0220: Server shutdown has been requested.
2016-12-20 12:54:27,449 INFO  [org.jboss.as.connector.subsystems.datasources] (MSC service thread 1-2) WFLYJCA0010: Unbound data source [java:jboss/datasources/ExampleDS]
2016-12-20 12:54:27,480 INFO  [org.wildfly.extension.undertow] (MSC service thread 1-1) WFLYUT0019: Host default-host stopping
2016-12-20 12:54:27,498 INFO  [org.jboss.as.connector.deployers.jdbc] (MSC service thread 1-1) WFLYJCA0019: Stopped Driver service with driver-name = h2
2016-12-20 12:54:27,529 INFO  [org.wildfly.extension.undertow] (MSC service thread 1-7) WFLYUT0008: Undertow HTTP listener default suspending
2016-12-20 12:54:27,540 INFO  [org.wildfly.extension.undertow] (MSC service thread 1-7) WFLYUT0007: Undertow HTTP listener default stopped, was bound to 127.0.0.1:8080
2016-12-20 12:54:27,541 INFO  [org.wildfly.extension.undertow] (MSC service thread 1-7) WFLYUT0004: Undertow 1.3.15.Final stopping
2016-12-20 12:54:27,609 INFO  [org.jboss.as] (MSC service thread 1-7) WFLYSRV0050: WildFly Full 10.0.0.Final (WildFly Core 2.0.10.Final) stopped in 138ms
2016-12-20 12:58:24,641 INFO  [org.jboss.modules] (main) JBoss Modules version 1.5.1.Final
2016-12-20 12:58:24,885 INFO  [org.jboss.msc] (main) JBoss MSC version 1.2.6.Final
2016-12-20 12:58:24,980 INFO  [org.jboss.as] (MSC service thread 1-6) WFLYSRV0049: WildFly Full 10.0.0.Final (WildFly Core 2.0.10.Final) starting
2016-12-20 12:58:24,982 DEBUG [org.jboss.as.config] (MSC service thread 1-6) Configured system properties:
	[Standalone] = 
	awt.toolkit = sun.awt.X11.XToolkit
	file.encoding = UTF-8
	file.encoding.pkg = sun.io
	file.separator = /
	java.awt.graphicsenv = sun.awt.X11GraphicsEnvironment
	java.awt.printerjob = sun.print.PSPrinterJob
	java.class.path = /home/aboriero/hibernate/orm_last/hibernate-orm/build/wildfly-10.0.0.Final/jboss-modules.jar
	java.class.version = 52.0
	java.endorsed.dirs = /opt/jdk1.8.0_101/jre/lib/endorsed
	java.ext.dirs = /opt/jdk1.8.0_101/jre/lib/ext:/usr/java/packages/lib/ext
	java.home = /opt/jdk1.8.0_101/jre
	java.io.tmpdir = /tmp
	java.library.path = /usr/java/packages/lib/amd64:/usr/lib64:/lib64:/lib:/usr/lib
	java.runtime.name = Java(TM) SE Runtime Environment
	java.runtime.version = 1.8.0_101-b13
	java.specification.name = Java Platform API Specification
	java.specification.vendor = Oracle Corporation
	java.specification.version = 1.8
	java.util.logging.manager = org.jboss.logmanager.LogManager
	java.vendor = Oracle Corporation
	java.vendor.url = http://java.oracle.com/
	java.vendor.url.bug = http://bugreport.sun.com/bugreport/
	java.version = 1.8.0_101
	java.vm.info = mixed mode
	java.vm.name = Java HotSpot(TM) 64-Bit Server VM
	java.vm.specification.name = Java Virtual Machine Specification
	java.vm.specification.vendor = Oracle Corporation
	java.vm.specification.version = 1.8
	java.vm.vendor = Oracle Corporation
	java.vm.version = 25.101-b13
	javax.management.builder.initial = org.jboss.as.jmx.PluggableMBeanServerBuilder
	javax.xml.datatype.DatatypeFactory = __redirected.__DatatypeFactory
	javax.xml.parsers.DocumentBuilderFactory = __redirected.__DocumentBuilderFactory
	javax.xml.parsers.SAXParserFactory = __redirected.__SAXParserFactory
	javax.xml.stream.XMLEventFactory = __redirected.__XMLEventFactory
	javax.xml.stream.XMLInputFactory = __redirected.__XMLInputFactory
	javax.xml.stream.XMLOutputFactory = __redirected.__XMLOutputFactory
	javax.xml.transform.TransformerFactory = __redirected.__TransformerFactory
	javax.xml.validation.SchemaFactory:http://www.w3.org/2001/XMLSchema = __redirected.__SchemaFactory
	javax.xml.xpath.XPathFactory:http://java.sun.com/jaxp/xpath/dom = __redirected.__XPathFactory
	jboss.home.dir = /home/aboriero/hibernate/orm_last/hibernate-orm/build/wildfly-10.0.0.Final
	jboss.host.name = localhost
	jboss.modules.dir = /home/aboriero/hibernate/orm_last/hibernate-orm/build/wildfly-10.0.0.Final/modules
	jboss.node.name = localhost
	jboss.qualified.host.name = localhost.localdomain
	jboss.server.base.dir = /home/aboriero/hibernate/orm_last/hibernate-orm/build/wildfly-10.0.0.Final/standalone
	jboss.server.config.dir = /home/aboriero/hibernate/orm_last/hibernate-orm/build/wildfly-10.0.0.Final/standalone/configuration
	jboss.server.data.dir = /home/aboriero/hibernate/orm_last/hibernate-orm/build/wildfly-10.0.0.Final/standalone/data
	jboss.server.deploy.dir = /home/aboriero/hibernate/orm_last/hibernate-orm/build/wildfly-10.0.0.Final/standalone/data/content
	jboss.server.log.dir = /home/aboriero/hibernate/orm_last/hibernate-orm/build/wildfly-10.0.0.Final/standalone/log
	jboss.server.name = localhost
	jboss.server.persist.config = true
	jboss.server.temp.dir = /home/aboriero/hibernate/orm_last/hibernate-orm/build/wildfly-10.0.0.Final/standalone/tmp
	line.separator = 

	logging.configuration = file:/home/aboriero/hibernate/orm_last/hibernate-orm/build/wildfly-10.0.0.Final/standalone/configuration/logging.properties
	module.path = /home/aboriero/hibernate/orm_last/hibernate-orm/build/wildfly-10.0.0.Final/modules
	org.jboss.boot.log.file = /home/aboriero/hibernate/orm_last/hibernate-orm/build/wildfly-10.0.0.Final/standalone/log/server.log
	org.jboss.resolver.warning = true
	org.xml.sax.driver = __redirected.__XMLReaderFactory
	os.arch = amd64
	os.name = Linux
	os.version = 4.8.14-300.fc25.x86_64
	path.separator = :
	sun.arch.data.model = 64
	sun.boot.class.path = /opt/jdk1.8.0_101/jre/lib/resources.jar:/opt/jdk1.8.0_101/jre/lib/rt.jar:/opt/jdk1.8.0_101/jre/lib/sunrsasign.jar:/opt/jdk1.8.0_101/jre/lib/jsse.jar:/opt/jdk1.8.0_101/jre/lib/jce.jar:/opt/jdk1.8.0_101/jre/lib/charsets.jar:/opt/jdk1.8.0_101/jre/lib/jfr.jar:/opt/jdk1.8.0_101/jre/classes
	sun.boot.library.path = /opt/jdk1.8.0_101/jre/lib/amd64
	sun.cpu.endian = little
	sun.cpu.isalist = 
	sun.desktop = gnome
	sun.io.unicode.encoding = UnicodeLittle
	sun.java.command = /home/aboriero/hibernate/orm_last/hibernate-orm/build/wildfly-10.0.0.Final/jboss-modules.jar -mp /home/aboriero/hibernate/orm_last/hibernate-orm/build/wildfly-10.0.0.Final/modules org.jboss.as.standalone -Djboss.home.dir=/home/aboriero/hibernate/orm_last/hibernate-orm/build/wildfly-10.0.0.Final -Djboss.server.base.dir=/home/aboriero/hibernate/orm_last/hibernate-orm/build/wildfly-10.0.0.Final/standalone -Djboss.server.log.dir=/home/aboriero/hibernate/orm_last/hibernate-orm/build/wildfly-10.0.0.Final/standalone/log -Djboss.server.config.dir=/home/aboriero/hibernate/orm_last/hibernate-orm/build/wildfly-10.0.0.Final/standalone/configuration
	sun.java.launcher = SUN_STANDARD
	sun.jnu.encoding = UTF-8
	sun.management.compiler = HotSpot 64-Bit Tiered Compilers
	sun.os.patch.level = unknown
	user.country = GB
	user.dir = /home/aboriero/hibernate/orm_last/hibernate-orm/hibernate-orm-modules
	user.home = /home/aboriero
	user.language = en
	user.name = aboriero
	user.timezone = Europe/London
2016-12-20 12:58:24,982 DEBUG [org.jboss.as.config] (MSC service thread 1-6) VM Arguments: -D[Standalone] -ea -Djboss.home.dir=/home/aboriero/hibernate/orm_last/hibernate-orm/build/wildfly-10.0.0.Final -Dorg.jboss.boot.log.file=/home/aboriero/hibernate/orm_last/hibernate-orm/build/wildfly-10.0.0.Final/standalone/log/server.log -Dlogging.configuration=file:/home/aboriero/hibernate/orm_last/hibernate-orm/build/wildfly-10.0.0.Final/standalone/configuration/logging.properties 
2016-12-20 12:58:26,528 INFO  [org.jboss.as.server] (Controller Boot Thread) WFLYSRV0039: Creating http management service using socket-binding (management-http)
2016-12-20 12:58:26,554 INFO  [org.xnio] (MSC service thread 1-4) XNIO version 3.3.4.Final
2016-12-20 12:58:26,568 INFO  [org.xnio.nio] (MSC service thread 1-4) XNIO NIO Implementation Version 3.3.4.Final
2016-12-20 12:58:26,611 INFO  [org.jboss.remoting] (MSC service thread 1-2) JBoss Remoting version 4.0.18.Final
2016-12-20 12:58:26,651 INFO  [org.jboss.as.clustering.infinispan] (ServerService Thread Pool -- 38) WFLYCLINF0001: Activating Infinispan subsystem.
2016-12-20 12:58:26,669 INFO  [org.wildfly.extension.io] (ServerService Thread Pool -- 37) WFLYIO001: Worker 'default' has auto-configured to 8 core threads with 64 task threads based on your 4 available processors
2016-12-20 12:58:26,676 INFO  [org.jboss.as.jsf] (ServerService Thread Pool -- 44) WFLYJSF0007: Activated the following JSF Implementations: [main]
2016-12-20 12:58:26,691 INFO  [org.jboss.as.naming] (ServerService Thread Pool -- 46) WFLYNAM0001: Activating Naming Subsystem
2016-12-20 12:58:26,701 WARN  [org.jboss.as.txn] (ServerService Thread Pool -- 54) WFLYTX0013: Node identifier property is set to the default value. Please make sure it is unique.
2016-12-20 12:58:26,749 INFO  [org.jboss.as.webservices] (ServerService Thread Pool -- 56) WFLYWS0002: Activating WebServices Extension
2016-12-20 12:58:26,764 INFO  [org.jboss.as.connector.subsystems.datasources] (ServerService Thread Pool -- 33) WFLYJCA0004: Deploying JDBC-compliant driver class org.h2.Driver (version 1.3)
2016-12-20 12:58:26,774 INFO  [org.jboss.as.security] (ServerService Thread Pool -- 53) WFLYSEC0002: Activating Security Subsystem
2016-12-20 12:58:26,783 INFO  [org.jboss.as.connector] (MSC service thread 1-6) WFLYJCA0009: Starting JCA Subsystem (WildFly/IronJacamar 1.3.2.Final)
2016-12-20 12:58:26,800 INFO  [org.wildfly.extension.undertow] (MSC service thread 1-5) WFLYUT0003: Undertow 1.3.15.Final starting
2016-12-20 12:58:26,818 INFO  [org.jboss.as.connector.deployers.jdbc] (MSC service thread 1-2) WFLYJCA0018: Started Driver service with driver-name = h2
2016-12-20 12:58:26,822 INFO  [org.wildfly.extension.undertow] (ServerService Thread Pool -- 55) WFLYUT0003: Undertow 1.3.15.Final starting
2016-12-20 12:58:26,828 INFO  [org.jboss.as.security] (MSC service thread 1-5) WFLYSEC0001: Current PicketBox version=4.9.4.Final
2016-12-20 12:58:26,946 INFO  [org.jboss.as.naming] (MSC service thread 1-7) WFLYNAM0003: Starting Naming Service
2016-12-20 12:58:26,947 INFO  [org.jboss.as.mail.extension] (MSC service thread 1-4) WFLYMAIL0001: Bound mail session [java:jboss/mail/Default]
2016-12-20 12:58:27,151 INFO  [org.wildfly.extension.undertow] (ServerService Thread Pool -- 55) WFLYUT0014: Creating file handler for path '/home/aboriero/hibernate/orm_last/hibernate-orm/build/wildfly-10.0.0.Final/welcome-content' with options [directory-listing: 'false', follow-symlink: 'false', case-sensitive: 'true', safe-symlink-paths: '[]']
2016-12-20 12:58:27,157 INFO  [org.wildfly.extension.undertow] (MSC service thread 1-3) WFLYUT0012: Started server default-server.
2016-12-20 12:58:27,196 INFO  [org.wildfly.extension.undertow] (MSC service thread 1-6) WFLYUT0018: Host default-host starting
2016-12-20 12:58:27,266 INFO  [org.jboss.as.ejb3] (MSC service thread 1-4) WFLYEJB0481: Strict pool slsb-strict-max-pool is using a max instance size of 64 (per class), which is derived from thread worker pool sizing.
2016-12-20 12:58:27,267 INFO  [org.jboss.as.ejb3] (MSC service thread 1-7) WFLYEJB0482: Strict pool mdb-strict-max-pool is using a max instance size of 16 (per class), which is derived from the number of CPUs on this host.
2016-12-20 12:58:27,297 INFO  [org.wildfly.extension.undertow] (MSC service thread 1-3) WFLYUT0006: Undertow HTTP listener default listening on 127.0.0.1:8080
2016-12-20 12:58:27,480 INFO  [org.jboss.as.connector.subsystems.datasources] (MSC service thread 1-7) WFLYJCA0001: Bound data source [java:jboss/datasources/ExampleDS]
2016-12-20 12:58:27,653 INFO  [org.jboss.as.server.deployment.scanner] (MSC service thread 1-7) WFLYDS0013: Started FileSystemDeploymentService for directory /home/aboriero/hibernate/orm_last/hibernate-orm/build/wildfly-10.0.0.Final/standalone/deployments
2016-12-20 12:58:27,841 INFO  [org.infinispan.factories.GlobalComponentRegistry] (MSC service thread 1-3) ISPN000128: Infinispan version: Infinispan 'Mahou' 8.1.0.Final
2016-12-20 12:58:27,844 INFO  [org.infinispan.factories.GlobalComponentRegistry] (MSC service thread 1-2) ISPN000128: Infinispan version: Infinispan 'Mahou' 8.1.0.Final
2016-12-20 12:58:27,915 INFO  [org.jboss.ws.common.management] (MSC service thread 1-4) JBWS022052: Starting JBossWS 5.1.3.Final (Apache CXF 3.1.4) 
2016-12-20 12:58:28,257 INFO  [org.jboss.as] (Controller Boot Thread) WFLYSRV0060: Http management interface listening on http://127.0.0.1:9990/management
2016-12-20 12:58:28,259 INFO  [org.jboss.as] (Controller Boot Thread) WFLYSRV0051: Admin console listening on http://127.0.0.1:9990
2016-12-20 12:58:28,260 INFO  [org.jboss.as] (Controller Boot Thread) WFLYSRV0025: WildFly Full 10.0.0.Final (WildFly Core 2.0.10.Final) started in 4050ms - Started 267 of 553 services (371 services are lazy, passive or on-demand)
2016-12-20 12:58:29,500 INFO  [org.jboss.as.repository] (management-handler-thread - 3) WFLYDR0001: Content added at location /home/aboriero/hibernate/orm_last/hibernate-orm/build/wildfly-10.0.0.Final/standalone/data/content/67/498cc5f0a719d81b62ded4dc78905772a5cd42/content
2016-12-20 12:58:29,515 INFO  [org.jboss.as.server.deployment] (MSC service thread 1-8) WFLYSRV0027: Starting deployment of "ac5c8feb-8be2-48d3-999c-b212648cec5d.war" (runtime-name: "ac5c8feb-8be2-48d3-999c-b212648cec5d.war")
2016-12-20 12:58:30,182 INFO  [org.jboss.as.jpa] (MSC service thread 1-8) WFLYJPA0002: Read persistence.xml for primary
2016-12-20 12:58:30,299 INFO  [org.jboss.as.jpa] (ServerService Thread Pool -- 58) WFLYJPA0010: Starting Persistence Unit (phase 1 of 2) Service 'ac5c8feb-8be2-48d3-999c-b212648cec5d.war#primary'
2016-12-20 12:58:30,334 INFO  [org.hibernate.jpa.internal.util.LogHelper] (ServerService Thread Pool -- 58) HHH000204: Processing PersistenceUnitInfo [
	name: primary
	...]
2016-12-20 12:58:30,357 INFO  [org.jboss.weld.deployer] (MSC service thread 1-8) WFLYWELD0003: Processing weld deployment ac5c8feb-8be2-48d3-999c-b212648cec5d.war
2016-12-20 12:58:30,429 INFO  [org.hibernate.Version] (ServerService Thread Pool -- 58) HHH000412: Hibernate Core {5.2.6.Final}
2016-12-20 12:58:30,433 INFO  [org.hibernate.cfg.Environment] (ServerService Thread Pool -- 58) HHH000206: hibernate.properties not found
2016-12-20 12:58:30,771 INFO  [org.hibernate.orm.deprecation] (ServerService Thread Pool -- 58) HHH90000001: Found usage of deprecated setting for specifying Scanner [hibernate.ejb.resource_scanner]; use [hibernate.archive.scanner] instead
2016-12-20 12:58:30,775 INFO  [org.hibernate.validator.internal.util.Version] (MSC service thread 1-8) HV000001: Hibernate Validator 5.2.3.Final
2016-12-20 12:58:30,790 INFO  [org.hibernate.annotations.common.Version] (ServerService Thread Pool -- 58) HCANN000001: Hibernate Commons Annotations {5.0.1.Final}
2016-12-20 12:58:31,016 INFO  [org.jboss.weld.deployer] (MSC service thread 1-2) WFLYWELD0006: Starting Services for CDI deployment: ac5c8feb-8be2-48d3-999c-b212648cec5d.war
2016-12-20 12:58:31,053 INFO  [org.jboss.weld.Version] (MSC service thread 1-2) WELD-000900: 2.3.2 (Final)
2016-12-20 12:58:31,094 INFO  [org.jboss.weld.deployer] (MSC service thread 1-3) WFLYWELD0009: Starting weld service for deployment ac5c8feb-8be2-48d3-999c-b212648cec5d.war
2016-12-20 12:58:31,286 INFO  [org.jboss.as.jpa] (ServerService Thread Pool -- 58) WFLYJPA0010: Starting Persistence Unit (phase 2 of 2) Service 'ac5c8feb-8be2-48d3-999c-b212648cec5d.war#primary'
2016-12-20 12:58:31,573 INFO  [org.hibernate.dialect.Dialect] (ServerService Thread Pool -- 58) HHH000400: Using dialect: org.hibernate.dialect.H2Dialect
2016-12-20 12:58:31,579 WARN  [org.hibernate.dialect.H2Dialect] (ServerService Thread Pool -- 58) HHH000431: Unable to determine H2 database version, certain features may not work
2016-12-20 12:58:31,623 INFO  [org.hibernate.envers.boot.internal.EnversServiceImpl] (ServerService Thread Pool -- 58) Envers integration enabled? : true
2016-12-20 12:58:33,027 INFO  [org.hibernate.tool.schema.internal.SchemaCreatorImpl] (ServerService Thread Pool -- 58) HHH000476: Executing import script 'org.hibernate.tool.schema.internal.exec.ScriptSourceInputNonExistentImpl@18a04170'
2016-12-20 12:58:33,723 INFO  [org.wildfly.extension.undertow] (ServerService Thread Pool -- 58) WFLYUT0021: Registered web context: /ac5c8feb-8be2-48d3-999c-b212648cec5d
2016-12-20 12:58:33,776 INFO  [org.jboss.as.server] (management-handler-thread - 3) WFLYSRV0010: Deployed "ac5c8feb-8be2-48d3-999c-b212648cec5d.war" (runtime-name : "ac5c8feb-8be2-48d3-999c-b212648cec5d.war")
2016-12-20 12:58:34,621 INFO  [org.hibernate.hql.internal.QueryTranslatorFactoryInitiator] (default task-2) HHH000397: Using ASTQueryTranslatorFactory
2016-12-20 12:58:34,779 INFO  [org.wildfly.extension.undertow] (ServerService Thread Pool -- 58) WFLYUT0022: Unregistered web context: /ac5c8feb-8be2-48d3-999c-b212648cec5d
2016-12-20 12:58:34,791 INFO  [org.jboss.weld.deployer] (MSC service thread 1-6) WFLYWELD0010: Stopping weld service for deployment ac5c8feb-8be2-48d3-999c-b212648cec5d.war
2016-12-20 12:58:34,819 INFO  [org.jboss.as.jpa] (ServerService Thread Pool -- 20) WFLYJPA0011: Stopping Persistence Unit (phase 2 of 2) Service 'ac5c8feb-8be2-48d3-999c-b212648cec5d.war#primary'
2016-12-20 12:58:34,820 INFO  [org.hibernate.tool.schema.internal.SchemaDropperImpl$DelayedDropActionImpl] (ServerService Thread Pool -- 20) HHH000477: Starting delayed drop of schema as part of SessionFactory shut-down'
2016-12-20 12:58:34,832 INFO  [org.jboss.as.jpa] (ServerService Thread Pool -- 20) WFLYJPA0011: Stopping Persistence Unit (phase 1 of 2) Service 'ac5c8feb-8be2-48d3-999c-b212648cec5d.war#primary'
2016-12-20 12:58:34,853 INFO  [org.jboss.as.server.deployment] (MSC service thread 1-3) WFLYSRV0028: Stopped deployment ac5c8feb-8be2-48d3-999c-b212648cec5d.war (runtime-name: ac5c8feb-8be2-48d3-999c-b212648cec5d.war) in 87ms
2016-12-20 12:58:34,874 INFO  [org.jboss.as.repository] (management-handler-thread - 4) WFLYDR0002: Content removed from location /home/aboriero/hibernate/orm_last/hibernate-orm/build/wildfly-10.0.0.Final/standalone/data/content/67/498cc5f0a719d81b62ded4dc78905772a5cd42/content
2016-12-20 12:58:34,875 INFO  [org.jboss.as.server] (management-handler-thread - 4) WFLYSRV0009: Undeployed "ac5c8feb-8be2-48d3-999c-b212648cec5d.war" (runtime-name: "ac5c8feb-8be2-48d3-999c-b212648cec5d.war")
2016-12-20 12:58:35,793 INFO  [org.jboss.as.repository] (management-handler-thread - 1) WFLYDR0001: Content added at location /home/aboriero/hibernate/orm_last/hibernate-orm/build/wildfly-10.0.0.Final/standalone/data/content/99/d1d87d31de59a5634b1b50ba348f7703c6f57e/content
2016-12-20 12:58:35,797 INFO  [org.jboss.as.server.deployment] (MSC service thread 1-3) WFLYSRV0027: Starting deployment of "61505922-0b60-49af-bbf8-782e09152103.war" (runtime-name: "61505922-0b60-49af-bbf8-782e09152103.war")
2016-12-20 12:58:36,222 INFO  [org.jboss.as.jpa] (MSC service thread 1-4) WFLYJPA0002: Read persistence.xml for primary
2016-12-20 12:58:36,269 INFO  [org.jboss.weld.deployer] (MSC service thread 1-3) WFLYWELD0003: Processing weld deployment 61505922-0b60-49af-bbf8-782e09152103.war
2016-12-20 12:58:36,270 INFO  [org.jboss.as.jpa] (ServerService Thread Pool -- 20) WFLYJPA0010: Starting Persistence Unit (phase 1 of 2) Service '61505922-0b60-49af-bbf8-782e09152103.war#primary'
2016-12-20 12:58:36,270 INFO  [org.hibernate.jpa.internal.util.LogHelper] (ServerService Thread Pool -- 20) HHH000204: Processing PersistenceUnitInfo [
	name: primary
	...]
2016-12-20 12:58:36,285 INFO  [org.hibernate.orm.deprecation] (ServerService Thread Pool -- 20) HHH90000001: Found usage of deprecated setting for specifying Scanner [hibernate.ejb.resource_scanner]; use [hibernate.archive.scanner] instead
2016-12-20 12:58:36,359 INFO  [org.jboss.weld.deployer] (MSC service thread 1-8) WFLYWELD0006: Starting Services for CDI deployment: 61505922-0b60-49af-bbf8-782e09152103.war
2016-12-20 12:58:36,369 INFO  [org.jboss.weld.deployer] (MSC service thread 1-2) WFLYWELD0009: Starting weld service for deployment 61505922-0b60-49af-bbf8-782e09152103.war
2016-12-20 12:58:36,377 INFO  [org.jboss.as.jpa] (ServerService Thread Pool -- 20) WFLYJPA0010: Starting Persistence Unit (phase 2 of 2) Service '61505922-0b60-49af-bbf8-782e09152103.war#primary'
2016-12-20 12:58:36,379 INFO  [org.hibernate.dialect.Dialect] (ServerService Thread Pool -- 20) HHH000400: Using dialect: org.hibernate.dialect.H2Dialect
2016-12-20 12:58:36,380 WARN  [org.hibernate.dialect.H2Dialect] (ServerService Thread Pool -- 20) HHH000431: Unable to determine H2 database version, certain features may not work
2016-12-20 12:58:36,388 INFO  [org.hibernate.envers.boot.internal.EnversServiceImpl] (ServerService Thread Pool -- 20) Envers integration enabled? : true
2016-12-20 12:58:36,504 INFO  [org.hibernate.tool.schema.internal.SchemaCreatorImpl] (ServerService Thread Pool -- 20) HHH000476: Executing import script 'org.hibernate.tool.schema.internal.exec.ScriptSourceInputNonExistentImpl@18a04170'
2016-12-20 12:58:36,811 INFO  [org.wildfly.extension.undertow] (ServerService Thread Pool -- 20) WFLYUT0021: Registered web context: /61505922-0b60-49af-bbf8-782e09152103
2016-12-20 12:58:36,827 INFO  [org.jboss.as.server] (management-handler-thread - 1) WFLYSRV0010: Deployed "61505922-0b60-49af-bbf8-782e09152103.war" (runtime-name : "61505922-0b60-49af-bbf8-782e09152103.war")
2016-12-20 12:58:37,020 INFO  [org.wildfly.extension.undertow] (ServerService Thread Pool -- 20) WFLYUT0022: Unregistered web context: /61505922-0b60-49af-bbf8-782e09152103
2016-12-20 12:58:37,033 INFO  [org.jboss.weld.deployer] (MSC service thread 1-4) WFLYWELD0010: Stopping weld service for deployment 61505922-0b60-49af-bbf8-782e09152103.war
2016-12-20 12:58:37,048 INFO  [org.jboss.as.jpa] (ServerService Thread Pool -- 58) WFLYJPA0011: Stopping Persistence Unit (phase 2 of 2) Service '61505922-0b60-49af-bbf8-782e09152103.war#primary'
2016-12-20 12:58:37,048 INFO  [org.hibernate.tool.schema.internal.SchemaDropperImpl$DelayedDropActionImpl] (ServerService Thread Pool -- 58) HHH000477: Starting delayed drop of schema as part of SessionFactory shut-down'
2016-12-20 12:58:37,050 INFO  [org.jboss.as.jpa] (ServerService Thread Pool -- 58) WFLYJPA0011: Stopping Persistence Unit (phase 1 of 2) Service '61505922-0b60-49af-bbf8-782e09152103.war#primary'
2016-12-20 12:58:37,066 INFO  [org.jboss.as.server.deployment] (MSC service thread 1-6) WFLYSRV0028: Stopped deployment 61505922-0b60-49af-bbf8-782e09152103.war (runtime-name: 61505922-0b60-49af-bbf8-782e09152103.war) in 47ms
2016-12-20 12:58:37,081 INFO  [org.jboss.as.repository] (management-handler-thread - 3) WFLYDR0002: Content removed from location /home/aboriero/hibernate/orm_last/hibernate-orm/build/wildfly-10.0.0.Final/standalone/data/content/99/d1d87d31de59a5634b1b50ba348f7703c6f57e/content
2016-12-20 12:58:37,081 INFO  [org.jboss.as.server] (management-handler-thread - 3) WFLYSRV0009: Undeployed "61505922-0b60-49af-bbf8-782e09152103.war" (runtime-name: "61505922-0b60-49af-bbf8-782e09152103.war")
2016-12-20 12:58:37,098 INFO  [org.jboss.as.server] (Thread-2) WFLYSRV0220: Server shutdown has been requested.
2016-12-20 12:58:37,108 INFO  [org.jboss.as.connector.subsystems.datasources] (MSC service thread 1-3) WFLYJCA0010: Unbound data source [java:jboss/datasources/ExampleDS]
2016-12-20 12:58:37,133 INFO  [org.jboss.as.connector.deployers.jdbc] (MSC service thread 1-5) WFLYJCA0019: Stopped Driver service with driver-name = h2
2016-12-20 12:58:37,133 INFO  [org.wildfly.extension.undertow] (MSC service thread 1-3) WFLYUT0019: Host default-host stopping
2016-12-20 12:58:37,141 INFO  [org.wildfly.extension.undertow] (MSC service thread 1-8) WFLYUT0008: Undertow HTTP listener default suspending
2016-12-20 12:58:37,142 INFO  [org.wildfly.extension.undertow] (MSC service thread 1-8) WFLYUT0007: Undertow HTTP listener default stopped, was bound to 127.0.0.1:8080
2016-12-20 12:58:37,143 INFO  [org.wildfly.extension.undertow] (MSC service thread 1-2) WFLYUT0004: Undertow 1.3.15.Final stopping
2016-12-20 12:58:37,187 INFO  [org.jboss.as] (MSC service thread 1-2) WFLYSRV0050: WildFly Full 10.0.0.Final (WildFly Core 2.0.10.Final) stopped in 43ms
